<?xml version="1.0" encoding="UTF-8"?>
<robot generator="Robot 3.0.4 (Python 3.6.3 on darwin)" generated="20180510 14:55:53.685">
<suite id="s1" name="API Test" source="/Sreenu/Robort-Framework/RobotFramework-Libraries/tests/API_Test.robot">
<test id="s1-t1" name="Make a simple REST API call">
<kw name="Check Github Username" library="Github">
<kw name="Create Session" library="RequestsLibrary">
<doc>Create Session: create a HTTP session to a server</doc>
<arguments>
<arg>my_github_session</arg>
<arg>https://api.github.com</arg>
</arguments>
<msg timestamp="20180510 14:55:53.870" level="INFO">Creating Session using : alias=my_github_session, url=https://api.github.com, headers={},                     cookies=None, auth=None, timeout=None, proxies=None, verify=False,                     debug=0 </msg>
<status status="PASS" starttime="20180510 14:55:53.870" endtime="20180510 14:55:53.870"></status>
</kw>
<kw name="Get Request" library="RequestsLibrary">
<doc>Send a GET request on the session object found using the</doc>
<arguments>
<arg>my_github_session</arg>
<arg>users/Sreenuraj</arg>
</arguments>
<assign>
<var>${response}</var>
</assign>
<msg timestamp="20180510 14:55:55.319" level="INFO">Get Request using : alias=my_github_session, uri=users/Sreenuraj, headers=None json=None</msg>
<msg timestamp="20180510 14:55:55.320" level="INFO">/Sreenu/Robort-Framework/venv/lib/python3.6/site-packages/urllib3/connectionpool.py:858: InsecureRequestWarning: Unverified HTTPS request is being made. Adding certificate verification is strongly advised. See: https://urllib3.readthedocs.io/en/latest/advanced-usage.html#ssl-warnings
  InsecureRequestWarning)</msg>
<msg timestamp="20180510 14:55:55.320" level="INFO">${response} = &lt;Response [200]&gt;</msg>
<status status="PASS" starttime="20180510 14:55:53.870" endtime="20180510 14:55:55.320"></status>
</kw>
<kw name="Should Be Equal As Strings" library="BuiltIn">
<doc>Fails if objects are unequal after converting them to strings.</doc>
<arguments>
<arg>${response.status_code}</arg>
<arg>200</arg>
</arguments>
<msg timestamp="20180510 14:55:55.321" level="INFO">Argument types are:
&lt;class 'int'&gt;
&lt;type 'unicode'&gt;</msg>
<status status="PASS" starttime="20180510 14:55:55.320" endtime="20180510 14:55:55.321"></status>
</kw>
<kw name="Set Variable" library="BuiltIn">
<doc>Returns the given values which can then be assigned to a variables.</doc>
<arguments>
<arg>${response.json()}</arg>
</arguments>
<assign>
<var>${json}</var>
</assign>
<msg timestamp="20180510 14:55:55.322" level="INFO">${json} = {'login': 'Sreenuraj', 'id': 11501324, 'avatar_url': 'https://avatars3.githubusercontent.com/u/11501324?v=4', 'gravatar_id': '', 'url': 'https://api.github.com/users/Sreenuraj', 'html_url': 'https://g...</msg>
<status status="PASS" starttime="20180510 14:55:55.321" endtime="20180510 14:55:55.322"></status>
</kw>
<kw name="Should Be Equal As Strings" library="BuiltIn">
<doc>Fails if objects are unequal after converting them to strings.</doc>
<arguments>
<arg>${json['login']}</arg>
<arg>Sreenuraj</arg>
</arguments>
<status status="PASS" starttime="20180510 14:55:55.322" endtime="20180510 14:55:55.322"></status>
</kw>
<kw name="Log" library="BuiltIn">
<doc>Logs the given message with the given level.</doc>
<arguments>
<arg>${json}</arg>
</arguments>
<msg timestamp="20180510 14:55:55.323" level="INFO">{'login': 'Sreenuraj', 'id': 11501324, 'avatar_url': 'https://avatars3.githubusercontent.com/u/11501324?v=4', 'gravatar_id': '', 'url': 'https://api.github.com/users/Sreenuraj', 'html_url': 'https://github.com/Sreenuraj', 'followers_url': 'https://api.github.com/users/Sreenuraj/followers', 'following_url': 'https://api.github.com/users/Sreenuraj/following{/other_user}', 'gists_url': 'https://api.github.com/users/Sreenuraj/gists{/gist_id}', 'starred_url': 'https://api.github.com/users/Sreenuraj/starred{/owner}{/repo}', 'subscriptions_url': 'https://api.github.com/users/Sreenuraj/subscriptions', 'organizations_url': 'https://api.github.com/users/Sreenuraj/orgs', 'repos_url': 'https://api.github.com/users/Sreenuraj/repos', 'events_url': 'https://api.github.com/users/Sreenuraj/events{/privacy}', 'received_events_url': 'https://api.github.com/users/Sreenuraj/received_events', 'type': 'User', 'site_admin': False, 'name': 'Sreenuraj', 'company': None, 'blog': '', 'location': None, 'email': None, 'hireable': None, 'bio': None, 'public_repos': 14, 'public_gists': 0, 'followers': 0, 'following': 0, 'created_at': '2015-03-16T11:06:58Z', 'updated_at': '2018-05-09T06:01:12Z'}</msg>
<status status="PASS" starttime="20180510 14:55:55.322" endtime="20180510 14:55:55.323"></status>
</kw>
<status status="PASS" starttime="20180510 14:55:53.869" endtime="20180510 14:55:55.323"></status>
</kw>
<tags>
<tag>API</tag>
</tags>
<status status="PASS" starttime="20180510 14:55:53.868" endtime="20180510 14:55:55.323" critical="yes"></status>
</test>
<test id="s1-t2" name="Display emoji from Github">
<kw name="Display Emoji" library="Github">
<kw name="Create Session" library="RequestsLibrary">
<doc>Create Session: create a HTTP session to a server</doc>
<arguments>
<arg>my_github_session</arg>
<arg>https://api.github.com</arg>
</arguments>
<msg timestamp="20180510 14:55:55.325" level="INFO">Creating Session using : alias=my_github_session, url=https://api.github.com, headers={},                     cookies=None, auth=None, timeout=None, proxies=None, verify=False,                     debug=0 </msg>
<status status="PASS" starttime="20180510 14:55:55.325" endtime="20180510 14:55:55.326"></status>
</kw>
<kw name="Get Request" library="RequestsLibrary">
<doc>Send a GET request on the session object found using the</doc>
<arguments>
<arg>my_github_session</arg>
<arg>emojis</arg>
</arguments>
<assign>
<var>${response}</var>
</assign>
<msg timestamp="20180510 14:55:56.958" level="INFO">Get Request using : alias=my_github_session, uri=emojis, headers=None json=None</msg>
<msg timestamp="20180510 14:55:56.958" level="INFO">/Sreenu/Robort-Framework/venv/lib/python3.6/site-packages/urllib3/connectionpool.py:858: InsecureRequestWarning: Unverified HTTPS request is being made. Adding certificate verification is strongly advised. See: https://urllib3.readthedocs.io/en/latest/advanced-usage.html#ssl-warnings
  InsecureRequestWarning)</msg>
<msg timestamp="20180510 14:55:56.959" level="INFO">${response} = &lt;Response [200]&gt;</msg>
<status status="PASS" starttime="20180510 14:55:55.326" endtime="20180510 14:55:56.959"></status>
</kw>
<kw name="Should Be Equal As Strings" library="BuiltIn">
<doc>Fails if objects are unequal after converting them to strings.</doc>
<arguments>
<arg>${response.status_code}</arg>
<arg>200</arg>
</arguments>
<msg timestamp="20180510 14:55:56.959" level="INFO">Argument types are:
&lt;class 'int'&gt;
&lt;type 'unicode'&gt;</msg>
<status status="PASS" starttime="20180510 14:55:56.959" endtime="20180510 14:55:56.960"></status>
</kw>
<kw name="Set Variable" library="BuiltIn">
<doc>Returns the given values which can then be assigned to a variables.</doc>
<arguments>
<arg>${response.json()}</arg>
</arguments>
<assign>
<var>${json}</var>
</assign>
<msg timestamp="20180510 14:55:56.963" level="INFO">${json} = {'+1': 'https://assets-cdn.github.com/images/icons/emoji/unicode/1f44d.png?v8', '-1': 'https://assets-cdn.github.com/images/icons/emoji/unicode/1f44e.png?v8', '100': 'https://assets-cdn.github.com/ima...</msg>
<status status="PASS" starttime="20180510 14:55:56.960" endtime="20180510 14:55:56.963"></status>
</kw>
<kw name="Set Variable" library="BuiltIn">
<doc>Returns the given values which can then be assigned to a variables.</doc>
<arguments>
<arg>${json['aerial_tramway']}</arg>
</arguments>
<assign>
<var>${emoji_url}</var>
</assign>
<msg timestamp="20180510 14:55:56.963" level="INFO">${emoji_url} = https://assets-cdn.github.com/images/icons/emoji/unicode/1f6a1.png?v8</msg>
<status status="PASS" starttime="20180510 14:55:56.963" endtime="20180510 14:55:56.964"></status>
</kw>
<kw name="Open Browser" library="SeleniumLibrary">
<doc>Opens a new browser instance to the given ``url``.</doc>
<arguments>
<arg>${emoji_url}</arg>
<arg>chrome</arg>
</arguments>
<msg timestamp="20180510 14:55:56.964" level="INFO">Opening browser 'chrome' to base url 'https://assets-cdn.github.com/images/icons/emoji/unicode/1f6a1.png?v8'.</msg>
<status status="PASS" starttime="20180510 14:55:56.964" endtime="20180510 14:55:59.445"></status>
</kw>
<status status="PASS" starttime="20180510 14:55:55.325" endtime="20180510 14:55:59.445"></status>
</kw>
<tags>
<tag>API</tag>
</tags>
<status status="PASS" starttime="20180510 14:55:55.324" endtime="20180510 14:55:59.446" critical="yes"></status>
</test>
<doc>These are some API tests</doc>
<status status="PASS" starttime="20180510 14:55:53.686" endtime="20180510 14:55:59.446"></status>
</suite>
<statistics>
<total>
<stat pass="2" fail="0">Critical Tests</stat>
<stat pass="2" fail="0">All Tests</stat>
</total>
<tag>
<stat pass="2" fail="0">API</stat>
</tag>
<suite>
<stat pass="2" fail="0" id="s1" name="API Test">API Test</stat>
</suite>
</statistics>
<errors>
</errors>
</robot>
