<?xml version="1.0" encoding="UTF-8"?>
<robot generator="Robot 3.0.4 (Python 3.6.3 on darwin)" generated="20180510 11:43:55.617">
<suite id="s1" name="Dialogs" source="/Sreenu/Robort-Framework/RobotFramework-Libraries/tests/Dialogs.robot">
<test id="s1-t1" name="User search for a product">
<kw name="Begin Web Test" library="Common" type="setup">
<kw name="Open Browser" library="SeleniumLibrary">
<doc>Opens a new browser instance to the given ``url``.</doc>
<arguments>
<arg>about:blank</arg>
<arg>${BROWSER}</arg>
</arguments>
<msg timestamp="20180510 11:43:55.759" level="INFO">Opening browser 'chrome' to base url 'about:blank'.</msg>
<status status="PASS" starttime="20180510 11:43:55.759" endtime="20180510 11:43:57.351"></status>
</kw>
<status status="PASS" starttime="20180510 11:43:55.759" endtime="20180510 11:43:57.351"></status>
</kw>
<kw name="Get Selection From User" library="Dialogs">
<doc>Pauses test execution and asks user to select a value.</doc>
<arguments>
<arg>Which browser?</arg>
<arg>chrome</arg>
<arg>ff</arg>
<arg>safari</arg>
</arguments>
<assign>
<var>${new_browser}</var>
</assign>
<msg timestamp="20180510 11:44:03.321" level="INFO">${new_browser} = chrome</msg>
<status status="PASS" starttime="20180510 11:43:57.352" endtime="20180510 11:44:03.322"></status>
</kw>
<kw name="Set Global Variable" library="BuiltIn">
<doc>Makes a variable available globally in all tests and suites.</doc>
<arguments>
<arg>${BROWSER}</arg>
<arg>${new_browser}</arg>
</arguments>
<msg timestamp="20180510 11:44:03.323" level="INFO">${BROWSER} = chrome</msg>
<status status="PASS" starttime="20180510 11:44:03.322" endtime="20180510 11:44:03.323"></status>
</kw>
<kw name="Go to the url" library="Amazon_app">
<kw name="Load" library="LandingPage">
<kw name="Go To" library="SeleniumLibrary">
<doc>Navigates the active browser instance to the provided ``url``.</doc>
<arguments>
<arg>${URL}</arg>
</arguments>
<msg timestamp="20180510 11:44:03.324" level="INFO">Opening url 'https://www.amazon.in/'</msg>
<status status="PASS" starttime="20180510 11:44:03.324" endtime="20180510 11:44:05.721"></status>
</kw>
<status status="PASS" starttime="20180510 11:44:03.323" endtime="20180510 11:44:05.721"></status>
</kw>
<kw name="Verify Page Load" library="LandingPage">
<kw name="Wait Until Page Contains" library="SeleniumLibrary">
<doc>Waits until ``text`` appears on current page.</doc>
<arguments>
<arg>Your Amazon.in</arg>
</arguments>
<status status="PASS" starttime="20180510 11:44:05.721" endtime="20180510 11:44:05.759"></status>
</kw>
<status status="PASS" starttime="20180510 11:44:05.721" endtime="20180510 11:44:05.759"></status>
</kw>
<status status="PASS" starttime="20180510 11:44:03.323" endtime="20180510 11:44:05.759"></status>
</kw>
<kw name="Search for a product" library="Amazon_app">
<kw name="Searching The Product" library="TopNavBar">
<kw name="Enter Product To Search" library="TopNavBar">
<kw name="Input Text" library="SeleniumLibrary">
<doc>Types the given ``text`` into text field identified by ``locator``.</doc>
<arguments>
<arg>${NAV_BAR_SEARCH_BOX}</arg>
<arg>${SEARCH_TERM}</arg>
</arguments>
<msg timestamp="20180510 11:44:05.761" level="INFO">Typing text 'alexa' into text field 'id=twotabsearchtextbox'.</msg>
<status status="PASS" starttime="20180510 11:44:05.760" endtime="20180510 11:44:05.944"></status>
</kw>
<status status="PASS" starttime="20180510 11:44:05.760" endtime="20180510 11:44:05.944"></status>
</kw>
<kw name="Click On Search Button" library="TopNavBar">
<kw name="Click Button" library="SeleniumLibrary">
<doc>Clicks button identified by ``locator``.</doc>
<arguments>
<arg>${NAV_BAR_SEARCH_BUTTON}</arg>
</arguments>
<msg timestamp="20180510 11:44:05.945" level="INFO">Clicking button 'xpath=//div[@class='nav-search-submit nav-sprite']//input[@type='submit']'.</msg>
<status status="PASS" starttime="20180510 11:44:05.945" endtime="20180510 11:44:07.602"></status>
</kw>
<status status="PASS" starttime="20180510 11:44:05.944" endtime="20180510 11:44:07.602"></status>
</kw>
<status status="PASS" starttime="20180510 11:44:05.760" endtime="20180510 11:44:07.602"></status>
</kw>
<kw name="Click Product Link" library="SearchResult">
<kw name="Click Image" library="SeleniumLibrary">
<doc>Clicks an image identified by ``locator``.</doc>
<arguments>
<arg>Echo Dot - Voice control your music, Make calls, Get news, weather &amp; more - Black</arg>
</arguments>
<msg timestamp="20180510 11:44:07.603" level="INFO">Clicking image 'Echo Dot - Voice control your music, Make calls, Get news, weather &amp; more - Black'.</msg>
<status status="PASS" starttime="20180510 11:44:07.602" endtime="20180510 11:44:07.787"></status>
</kw>
<kw name="Select Window" library="SeleniumLibrary">
<doc>Selects browser window matching ``locator``.</doc>
<arguments>
<arg>NEW</arg>
</arguments>
<status status="PASS" starttime="20180510 11:44:07.787" endtime="20180510 11:44:07.795"></status>
</kw>
<status status="PASS" starttime="20180510 11:44:07.602" endtime="20180510 11:44:07.795"></status>
</kw>
<kw name="Verify Page Loaded" library="ProductActions">
<kw name="Wait Until Page Contains" library="SeleniumLibrary">
<doc>Waits until ``text`` appears on current page.</doc>
<arguments>
<arg>Echo Dot - Voice control your music, Make calls, Get news, weather &amp; more - Black</arg>
</arguments>
<status status="PASS" starttime="20180510 11:44:07.796" endtime="20180510 11:44:10.589"></status>
</kw>
<status status="PASS" starttime="20180510 11:44:07.795" endtime="20180510 11:44:10.590"></status>
</kw>
<status status="PASS" starttime="20180510 11:44:05.759" endtime="20180510 11:44:10.590"></status>
</kw>
<kw name="Execute Manual Step" library="Dialogs">
<doc>Pauses test execution until user sets the keyword status.</doc>
<arguments>
<arg>Do something manually!</arg>
<arg>It failed!</arg>
</arguments>
<status status="PASS" starttime="20180510 11:44:10.590" endtime="20180510 11:44:12.846"></status>
</kw>
<kw name="End Web Test" library="Common" type="teardown">
<kw name="Close Browser" library="SeleniumLibrary">
<doc>Closes the current browser.</doc>
<status status="PASS" starttime="20180510 11:44:12.847" endtime="20180510 11:44:12.948"></status>
</kw>
<status status="PASS" starttime="20180510 11:44:12.846" endtime="20180510 11:44:12.948"></status>
</kw>
<tags>
<tag>smoke</tag>
</tags>
<status status="PASS" starttime="20180510 11:43:55.758" endtime="20180510 11:44:12.948" critical="yes"></status>
</test>
<test id="s1-t2" name="User add product to cart">
<kw name="Begin Web Test" library="Common" type="setup">
<kw name="Open Browser" library="SeleniumLibrary">
<doc>Opens a new browser instance to the given ``url``.</doc>
<arguments>
<arg>about:blank</arg>
<arg>${BROWSER}</arg>
</arguments>
<msg timestamp="20180510 11:44:12.951" level="INFO">Opening browser 'chrome' to base url 'about:blank'.</msg>
<status status="PASS" starttime="20180510 11:44:12.951" endtime="20180510 11:44:14.592"></status>
</kw>
<status status="PASS" starttime="20180510 11:44:12.950" endtime="20180510 11:44:14.592"></status>
</kw>
<kw name="Pause Execution" library="Dialogs">
<doc>Pauses test execution until user clicks ``Ok`` button.</doc>
<status status="PASS" starttime="20180510 11:44:14.593" endtime="20180510 11:44:17.082"></status>
</kw>
<kw name="Add product to cart" library="Amazon_app">
<kw name="Add Product To Cart" library="ProductActions">
<kw name="Click Button" library="SeleniumLibrary">
<doc>Clicks button identified by ``locator``.</doc>
<arguments>
<arg>${ADD_TO_CART_BUTTON}</arg>
</arguments>
<msg timestamp="20180510 11:44:17.084" level="INFO">Clicking button 'id=add-to-cart-button'.</msg>
<kw name="Capture Page Screenshot" library="SeleniumLibrary">
<doc>Takes screenshot of the current page and embeds it into log file.</doc>
<msg timestamp="20180510 11:44:17.605" level="INFO" html="yes">&lt;/td&gt;&lt;/tr&gt;&lt;tr&gt;&lt;td colspan="3"&gt;&lt;a href="selenium-screenshot-1.png"&gt;&lt;img src="selenium-screenshot-1.png" width="800px"&gt;&lt;/a&gt;</msg>
<status status="PASS" starttime="20180510 11:44:17.105" endtime="20180510 11:44:17.606"></status>
</kw>
<msg timestamp="20180510 11:44:17.607" level="FAIL">Button with locator 'id=add-to-cart-button' not found.</msg>
<status status="FAIL" starttime="20180510 11:44:17.083" endtime="20180510 11:44:17.607"></status>
</kw>
<status status="FAIL" starttime="20180510 11:44:17.083" endtime="20180510 11:44:17.607"></status>
</kw>
<status status="FAIL" starttime="20180510 11:44:17.082" endtime="20180510 11:44:17.607"></status>
</kw>
<kw name="End Web Test" library="Common" type="teardown">
<kw name="Close Browser" library="SeleniumLibrary">
<doc>Closes the current browser.</doc>
<status status="PASS" starttime="20180510 11:44:17.608" endtime="20180510 11:44:17.683"></status>
</kw>
<status status="PASS" starttime="20180510 11:44:17.608" endtime="20180510 11:44:17.683"></status>
</kw>
<status status="FAIL" starttime="20180510 11:44:12.950" endtime="20180510 11:44:17.683" critical="yes">Button with locator 'id=add-to-cart-button' not found.</status>
</test>
<doc>This is to understand the dialogs lib</doc>
<status status="FAIL" starttime="20180510 11:43:55.618" endtime="20180510 11:44:17.684"></status>
</suite>
<statistics>
<total>
<stat pass="1" fail="1">Critical Tests</stat>
<stat pass="1" fail="1">All Tests</stat>
</total>
<tag>
<stat pass="1" fail="0">smoke</stat>
</tag>
<suite>
<stat pass="1" fail="1" id="s1" name="Dialogs">Dialogs</stat>
</suite>
</statistics>
<errors>
</errors>
</robot>
