<?xml version="1.0" encoding="UTF-8"?>
<robot generator="Robot 3.0.4 (Python 3.6.3 on darwin)" generated="20180510 15:12:23.412">
<suite id="s1" name="XML Test" source="/Sreenu/Robort-Framework/RobotFramework-Libraries/tests/XML_Test.robot">
<test id="s1-t1" name="Verify Menu Count">
<kw name="Should be one menu in the file" library="Breakfast_Menu">
<kw name="Get Element Count" library="XML">
<doc>Returns and logs how many elements the given ``xpath`` matches.</doc>
<arguments>
<arg>${XML_MENU_PATH}</arg>
</arguments>
<assign>
<var>${menu_count}</var>
</assign>
<msg timestamp="20180510 15:12:23.445" level="INFO">1 element matched '.'.</msg>
<msg timestamp="20180510 15:12:23.445" level="INFO">${menu_count} = 1</msg>
<status status="PASS" starttime="20180510 15:12:23.445" endtime="20180510 15:12:23.445"></status>
</kw>
<kw name="Should Be Equal As Numbers" library="BuiltIn">
<doc>Fails if objects are unequal after converting them to real numbers.</doc>
<arguments>
<arg>${menu_count}</arg>
<arg>${EXPECTED_MENU_COUNT}</arg>
</arguments>
<msg timestamp="20180510 15:12:23.446" level="INFO">Argument types are:
&lt;class 'int'&gt;
&lt;type 'unicode'&gt;</msg>
<status status="PASS" starttime="20180510 15:12:23.446" endtime="20180510 15:12:23.446"></status>
</kw>
<status status="PASS" starttime="20180510 15:12:23.444" endtime="20180510 15:12:23.446"></status>
</kw>
<tags>
<tag>XML</tag>
</tags>
<status status="PASS" starttime="20180510 15:12:23.444" endtime="20180510 15:12:23.446" critical="yes"></status>
</test>
<test id="s1-t2" name="Verify Root">
<kw name="Verify Menu Name" library="Breakfast_Menu">
<kw name="Parse Xml" library="XML">
<doc>Parses the given XML file or string into an element structure.</doc>
<arguments>
<arg>${XML_MENU_PATH}</arg>
</arguments>
<assign>
<var>${root}</var>
</assign>
<msg timestamp="20180510 15:12:23.447" level="INFO">${root} = &lt;Element 'breakfast_menu' at 0x105b64f48&gt;</msg>
<status status="PASS" starttime="20180510 15:12:23.447" endtime="20180510 15:12:23.448"></status>
</kw>
<kw name="Should Be Equal" library="BuiltIn">
<doc>Fails if the given objects are unequal.</doc>
<arguments>
<arg>${root.tag}</arg>
<arg>breakfast_menu</arg>
</arguments>
<status status="PASS" starttime="20180510 15:12:23.448" endtime="20180510 15:12:23.448"></status>
</kw>
<status status="PASS" starttime="20180510 15:12:23.447" endtime="20180510 15:12:23.448"></status>
</kw>
<tags>
<tag>XML</tag>
</tags>
<status status="PASS" starttime="20180510 15:12:23.446" endtime="20180510 15:12:23.448" critical="yes"></status>
</test>
<test id="s1-t3" name="Verify Food Count">
<kw name="Verify Food Count" library="Breakfast_Menu">
<kw name="Get Element Count" library="XML">
<doc>Returns and logs how many elements the given ``xpath`` matches.</doc>
<arguments>
<arg>${XML_MENU_PATH}</arg>
<arg>food</arg>
</arguments>
<assign>
<var>${food_count}</var>
</assign>
<msg timestamp="20180510 15:12:23.449" level="INFO">5 elements matched 'food'.</msg>
<msg timestamp="20180510 15:12:23.450" level="INFO">${food_count} = 5</msg>
<status status="PASS" starttime="20180510 15:12:23.449" endtime="20180510 15:12:23.450"></status>
</kw>
<kw name="Should Be Equal As Numbers" library="BuiltIn">
<doc>Fails if objects are unequal after converting them to real numbers.</doc>
<arguments>
<arg>${food_count}</arg>
<arg>${EXPECTED_FOOD_COUNT}</arg>
</arguments>
<msg timestamp="20180510 15:12:23.450" level="INFO">Argument types are:
&lt;class 'int'&gt;
&lt;type 'unicode'&gt;</msg>
<status status="PASS" starttime="20180510 15:12:23.450" endtime="20180510 15:12:23.450"></status>
</kw>
<status status="PASS" starttime="20180510 15:12:23.449" endtime="20180510 15:12:23.450"></status>
</kw>
<tags>
<tag>XML</tag>
</tags>
<status status="PASS" starttime="20180510 15:12:23.448" endtime="20180510 15:12:23.450" critical="yes"></status>
</test>
<test id="s1-t4" name="Verify First Food">
<kw name="Verify First Food Name" library="Breakfast_Menu">
<kw name="Get Element" library="XML">
<doc>Returns an element in the ``source`` matching the ``xpath``.</doc>
<arguments>
<arg>${XML_MENU_PATH}</arg>
<arg>food[1]/name</arg>
</arguments>
<assign>
<var>${first_food_name}</var>
</assign>
<msg timestamp="20180510 15:12:23.452" level="INFO">${first_food_name} = &lt;Element 'name' at 0x105b917c8&gt;</msg>
<status status="PASS" starttime="20180510 15:12:23.451" endtime="20180510 15:12:23.452"></status>
</kw>
<kw name="Should Be Equal As Strings" library="BuiltIn">
<doc>Fails if objects are unequal after converting them to strings.</doc>
<arguments>
<arg>${first_food_name.text}</arg>
<arg>Belgian Waffles</arg>
</arguments>
<status status="PASS" starttime="20180510 15:12:23.452" endtime="20180510 15:12:23.452"></status>
</kw>
<status status="PASS" starttime="20180510 15:12:23.451" endtime="20180510 15:12:23.452"></status>
</kw>
<kw name="Verify First Food Price" library="Breakfast_Menu">
<kw name="Get Element" library="XML">
<doc>Returns an element in the ``source`` matching the ``xpath``.</doc>
<arguments>
<arg>${XML_MENU_PATH}</arg>
<arg>food[1]/price</arg>
</arguments>
<assign>
<var>${first_food_price}</var>
</assign>
<msg timestamp="20180510 15:12:23.453" level="INFO">${first_food_price} = &lt;Element 'price' at 0x105b910e8&gt;</msg>
<status status="PASS" starttime="20180510 15:12:23.452" endtime="20180510 15:12:23.453"></status>
</kw>
<kw name="Should Be Equal As Strings" library="BuiltIn">
<doc>Fails if objects are unequal after converting them to strings.</doc>
<arguments>
<arg>${first_food_price.text}</arg>
<arg>$5.95</arg>
</arguments>
<status status="PASS" starttime="20180510 15:12:23.453" endtime="20180510 15:12:23.453"></status>
</kw>
<status status="PASS" starttime="20180510 15:12:23.452" endtime="20180510 15:12:23.453"></status>
</kw>
<kw name="Verify First Food Calories" library="Breakfast_Menu">
<kw name="Get Element" library="XML">
<doc>Returns an element in the ``source`` matching the ``xpath``.</doc>
<arguments>
<arg>${XML_MENU_PATH}</arg>
<arg>food[1]/calories</arg>
</arguments>
<assign>
<var>${first_food_calories}</var>
</assign>
<msg timestamp="20180510 15:12:23.454" level="INFO">${first_food_calories} = &lt;Element 'calories' at 0x105b91548&gt;</msg>
<status status="PASS" starttime="20180510 15:12:23.454" endtime="20180510 15:12:23.454"></status>
</kw>
<kw name="Should Be Equal As Strings" library="BuiltIn">
<doc>Fails if objects are unequal after converting them to strings.</doc>
<arguments>
<arg>${first_food_calories.text}</arg>
<arg>650</arg>
</arguments>
<status status="PASS" starttime="20180510 15:12:23.454" endtime="20180510 15:12:23.455"></status>
</kw>
<status status="PASS" starttime="20180510 15:12:23.454" endtime="20180510 15:12:23.455"></status>
</kw>
<tags>
<tag>XML</tag>
</tags>
<status status="PASS" starttime="20180510 15:12:23.450" endtime="20180510 15:12:23.455" critical="yes"></status>
</test>
<test id="s1-t5" name="Add a Food">
<kw name="Add New Food" library="Breakfast_Menu">
<kw name="Parse Xml" library="XML">
<doc>Parses the given XML file or string into an element structure.</doc>
<arguments>
<arg>${XML_MENU_PATH}</arg>
</arguments>
<assign>
<var>${root}</var>
</assign>
<msg timestamp="20180510 15:12:23.456" level="INFO">${root} = &lt;Element 'breakfast_menu' at 0x105b91ae8&gt;</msg>
<status status="PASS" starttime="20180510 15:12:23.456" endtime="20180510 15:12:23.456"></status>
</kw>
<kw name="Add Element" library="XML">
<doc>Adds a child element to the specified element.</doc>
<arguments>
<arg>${root}</arg>
<arg>&lt;food&gt;&lt;/food&gt;</arg>
</arguments>
<status status="PASS" starttime="20180510 15:12:23.456" endtime="20180510 15:12:23.457"></status>
</kw>
<kw name="Add Element" library="XML">
<doc>Adds a child element to the specified element.</doc>
<arguments>
<arg>${root}</arg>
<arg>&lt;name&gt;Grilled Cheese Sandwich&lt;/name&gt;</arg>
<arg>xpath=food[6]</arg>
</arguments>
<status status="PASS" starttime="20180510 15:12:23.457" endtime="20180510 15:12:23.457"></status>
</kw>
<kw name="Add Element" library="XML">
<doc>Adds a child element to the specified element.</doc>
<arguments>
<arg>${root}</arg>
<arg>&lt;price&gt;$2.95&lt;/price&gt;</arg>
<arg>xpath=food[6]</arg>
</arguments>
<status status="PASS" starttime="20180510 15:12:23.457" endtime="20180510 15:12:23.457"></status>
</kw>
<kw name="Add Element" library="XML">
<doc>Adds a child element to the specified element.</doc>
<arguments>
<arg>${root}</arg>
<arg>&lt;description&gt;Yummy melted cheese on grilled sourdough slices&lt;/description&gt;</arg>
<arg>xpath=food[6]</arg>
</arguments>
<status status="PASS" starttime="20180510 15:12:23.457" endtime="20180510 15:12:23.458"></status>
</kw>
<kw name="Add Element" library="XML">
<doc>Adds a child element to the specified element.</doc>
<arguments>
<arg>${root}</arg>
<arg>&lt;calories&gt;300&lt;/calories&gt;</arg>
<arg>xpath=food[6]</arg>
</arguments>
<status status="PASS" starttime="20180510 15:12:23.458" endtime="20180510 15:12:23.458"></status>
</kw>
<kw name="Save Xml" library="XML">
<doc>Saves the given element to the specified file.</doc>
<arguments>
<arg>${root}</arg>
<arg>${XML_MENU_PATH}</arg>
</arguments>
<msg timestamp="20180510 15:12:23.459" level="INFO" html="yes">XML saved to &lt;a href="file:///Sreenu/Robort-Framework/RobotFramework-Libraries/inputs/xml/menu.xml"&gt;/Sreenu/Robort-Framework/RobotFramework-Libraries/inputs/xml/menu.xml&lt;/a&gt;.</msg>
<status status="PASS" starttime="20180510 15:12:23.458" endtime="20180510 15:12:23.459"></status>
</kw>
<status status="PASS" starttime="20180510 15:12:23.456" endtime="20180510 15:12:23.459"></status>
</kw>
<tags>
<tag>XML</tag>
</tags>
<status status="PASS" starttime="20180510 15:12:23.455" endtime="20180510 15:12:23.459" critical="yes"></status>
</test>
<test id="s1-t6" name="Verify New Food Was Added">
<kw name="Verify New Food Exists" library="Breakfast_Menu">
<kw name="Element Should Exist" library="XML">
<doc>Verifies that one or more element match the given ``xpath``.</doc>
<arguments>
<arg>${XML_MENU_PATH}</arg>
<arg>food[6]</arg>
</arguments>
<msg timestamp="20180510 15:12:23.461" level="INFO">1 element matched 'food[6]'.</msg>
<status status="PASS" starttime="20180510 15:12:23.460" endtime="20180510 15:12:23.461"></status>
</kw>
<status status="PASS" starttime="20180510 15:12:23.460" endtime="20180510 15:12:23.462"></status>
</kw>
<tags>
<tag>XML</tag>
</tags>
<status status="PASS" starttime="20180510 15:12:23.459" endtime="20180510 15:12:23.462" critical="yes"></status>
</test>
<doc>These are some XML tests</doc>
<status status="PASS" starttime="20180510 15:12:23.414" endtime="20180510 15:12:23.462"></status>
</suite>
<statistics>
<total>
<stat pass="6" fail="0">Critical Tests</stat>
<stat pass="6" fail="0">All Tests</stat>
</total>
<tag>
<stat pass="6" fail="0">XML</stat>
</tag>
<suite>
<stat pass="6" fail="0" id="s1" name="XML Test">XML Test</stat>
</suite>
</statistics>
<errors>
</errors>
</robot>
